<?xml version="1.0" encoding="UTF-8"?>
<!-- Generated by org.testng.reporters.JUnitReportReporter -->
<testsuite skipped="0" hostname="Luna2" name="tests.Tests13" tests="2" failures="0" timestamp="2020-04-20T15:51:28 CEST" time="52.016" errors="0">
  <testcase name="pruebaCantidadDeCampos" time="12.205" classname="tests.Tests13"/>
  <system-out/>
  <testcase name="Login" time="39.811" classname="tests.Tests13"/>
  <system-out/>
</testsuite> <!-- tests.Tests13 -->
