<?xml version="1.0" encoding="UTF-8"?>
<!-- Generated by org.testng.reporters.JUnitReportReporter -->
<testsuite skipped="0" hostname="Luna2" name="tests.Tests3" tests="2" failures="0" timestamp="2020-04-08T11:49:35 CEST" time="56.868" errors="0">
  <testcase name="pruebaDos3" time="35.095" classname="tests.Tests3"/>
  <system-out/>
  <testcase name="pruebaUno3" time="21.773" classname="tests.Tests3"/>
  <system-out/>
</testsuite> <!-- tests.Tests3 -->
