<?xml version="1.0" encoding="UTF-8"?>
<!-- Generated by org.testng.reporters.JUnitReportReporter -->
<testsuite skipped="0" hostname="Luna2" name="tests.Tests" tests="2" failures="0" timestamp="2020-04-08T11:49:35 CEST" time="33.247" errors="0">
  <testcase name="pruebaUno" time="12.943" classname="tests.Tests"/>
  <system-out/>
  <testcase name="pruebaDos" time="20.304" classname="tests.Tests"/>
  <system-out/>
</testsuite> <!-- tests.Tests -->
