<?xml version="1.0" encoding="UTF-8"?>
<!-- Generated by org.testng.reporters.JUnitReportReporter -->
<testsuite skipped="0" hostname="Luna2" name="tests.Tests12" tests="2" failures="0" timestamp="2020-04-20T15:45:21 CEST" time="25.533" errors="0">
  <testcase name="pruebaCantidadDeCampos" time="12.020" classname="tests.Tests12"/>
  <system-out/>
  <testcase name="pruebaLoginField" time="13.513" classname="tests.Tests12"/>
  <system-out/>
</testsuite> <!-- tests.Tests12 -->
