<?xml version="1.0" encoding="UTF-8"?>
<!-- Generated by org.testng.reporters.JUnitReportReporter -->
<testsuite skipped="0" hostname="Luna2" name="tests.Tests5" tests="3" failures="0" timestamp="2020-04-09T10:22:52 CEST" time="49.168" errors="0">
  <testcase name="pruebaDos5" time="17.424" classname="tests.Tests5"/>
  <system-out/>
  <testcase name="pruebaTres5" time="17.756" classname="tests.Tests5"/>
  <system-out/>
  <testcase name="pruebaUno5" time="13.988" classname="tests.Tests5"/>
  <system-out/>
</testsuite> <!-- tests.Tests5 -->
