<?xml version="1.0" encoding="UTF-8"?>
<!-- Generated by org.testng.reporters.JUnitReportReporter -->
<testsuite skipped="0" hostname="Luna2" name="tests.Tests18" tests="1" failures="0" timestamp="2020-04-24T15:47:10 CEST" time="35.181" errors="0">
  <testcase name="pruebaIncorrecto" time="35.181" classname="tests.Tests18"/>
  <system-out/>
</testsuite> <!-- tests.Tests18 -->
