<?xml version="1.0" encoding="UTF-8"?>
<!-- Generated by org.testng.reporters.JUnitReportReporter -->
<testsuite skipped="0" hostname="Luna2" name="tests.Tests6" tests="1" failures="0" timestamp="2020-04-10T09:08:20 CEST" time="96.559" errors="0">
  <testcase name="pruebaTres5" time="96.559" classname="tests.Tests6"/>
  <system-out/>
</testsuite> <!-- tests.Tests6 -->
