<?xml version="1.0" encoding="UTF-8"?>
<!-- Generated by org.testng.reporters.JUnitReportReporter -->
<testsuite skipped="0" hostname="Luna2" name="tests.Tests2" tests="2" failures="0" timestamp="2020-04-08T11:49:35 CEST" time="40.809" errors="0">
  <testcase name="pruebaDos" time="22.656" classname="tests.Tests2"/>
  <system-out/>
  <testcase name="pruebaUno" time="18.153" classname="tests.Tests2"/>
  <system-out/>
</testsuite> <!-- tests.Tests2 -->
