<?xml version="1.0" encoding="UTF-8"?>
<!-- Generated by org.testng.reporters.JUnitReportReporter -->
<testsuite skipped="0" hostname="Luna2" name="tests.Tests19" tests="2" failures="0" timestamp="2020-04-24T15:50:45 CEST" time="59.266" errors="0">
  <testcase name="loginIncorrecto" time="30.627" classname="tests.Tests19"/>
  <system-out/>
  <testcase name="pruebaTres5" time="28.639" classname="tests.Tests19"/>
  <system-out/>
</testsuite> <!-- tests.Tests19 -->
